<?xml version="1.0" encoding="UTF-8"?>
<!-- Generated by org.testng.reporters.JUnitReportReporter -->
<testsuite hostname="DESKTOP-P4LLIA9" failures="0" tests="2" name="testNGpack3.NoAnnotation" time="0.029" errors="0" timestamp="2023-01-20T15:29:23 IST" skipped="0">
  <testcase classname="testNGpack3.NoAnnotation" name="test1" time="0.009"/>
  <system-out>
    <![CDATA[@Test1 Annotation]]>
  </system-out>
  <testcase classname="testNGpack3.NoAnnotation" name="test" time="0.020"/>
  <system-out>
    <![CDATA[@Test Annotation]]>
  </system-out>
</testsuite> <!-- testNGpack3.NoAnnotation -->
