<?xml version="1.0" encoding="UTF-8"?>
<!-- Generated by org.testng.reporters.JUnitReportReporter -->
<testsuite hostname="DESKTOP-P4LLIA9" failures="0" tests="3" name="testNGpack.Remo" time="0.008" errors="0" timestamp="2023-01-19T15:11:05 IST" skipped="0">
  <testcase classname="testNGpack.Remo" name="remo2" time="0.003"/>
  <system-out>
    <![CDATA[This is remo2 method!]]>
  </system-out>
  <testcase classname="testNGpack.Remo" name="remo" time="0.003"/>
  <system-out>
    <![CDATA[This is method of remo class]]>
  </system-out>
  <testcase classname="testNGpack.Remo" name="remo1" time="0.002"/>
  <system-out>
    <![CDATA[This is remo1 mehtod!!!]]>
  </system-out>
</testsuite> <!-- testNGpack.Remo -->
