<?xml version="1.0" encoding="UTF-8"?>
<!-- Generated by org.testng.reporters.JUnitReportReporter -->
<testsuite hostname="DESKTOP-P4LLIA9" failures="0" tests="1" name="testNGpack2.Class2" time="20.003" errors="0" timestamp="2023-01-20T14:22:41 IST" skipped="0">
  <testcase classname="testNGpack2.Class2" name="manul" time="20.003"/>
  <system-out/>
</testsuite> <!-- testNGpack2.Class2 -->
