<?xml version="1.0" encoding="UTF-8"?>
<!-- Generated by org.testng.reporters.JUnitReportReporter -->
<testsuite hostname="DESKTOP-P4LLIA9" failures="0" tests="2" name="wingifyAssignment.TestValidLogIn" time="34.297" errors="0" timestamp="2023-01-20T15:50:44 IST" skipped="0">
  <testcase classname="wingifyAssignment.TestValidLogIn" name="testCase1" time="13.461"/>
  <system-out>
    <![CDATA[valid Login test is passed!!!]]>
  </system-out>
  <testcase classname="wingifyAssignment.TestValidLogIn" name="testCase2" time="20.836"/>
  <system-out>
    <![CDATA[- 320.00 USD
- 244.00 USD
+ 17.99 USD
+ 340.00 USD
+ 952.23 USD
+ 1,250.00 USD
test case2 passed!!]]>
  </system-out>
</testsuite> <!-- wingifyAssignment.TestValidLogIn -->
