<?xml version="1.0" encoding="UTF-8"?>
<!-- Generated by org.testng.reporters.JUnitReportReporter -->
<testsuite hostname="DESKTOP-P4LLIA9" failures="0" tests="1" name="testNGpack2.Class1" time="27.979" errors="0" timestamp="2023-01-20T14:18:08 IST" skipped="0">
  <testcase classname="testNGpack2.Class1" name="sql" time="27.979"/>
  <system-out>
    <![CDATA[method of class1!!]]>
  </system-out>
</testsuite> <!-- testNGpack2.Class1 -->
